2023-01-12 22:28:16 Checking if module version 1.6.1 is supported
2023-01-12 22:28:16 API request: {"version":"1.6.1","action":"check-module-version","php":"7.4.29"}
2023-01-12 22:28:17 API response: {"success":true,"data":{"supported":true,"latest":"1.6.1"}}
2023-01-12 22:28:17 Module version is supported
2023-01-12 22:28:17 Resolving latest version for STABLE
2023-01-12 22:28:17 Resolving available versions
2023-01-12 22:28:17 Version list not found in cache, calling api
2023-01-12 22:28:17 API request: {"action":"versions","php":"7.4.29"}
2023-01-12 22:28:17 API response: {"success":true,"data":[{"version":"1.5.0","name":"Bleeding edge","revision":"20a2aa6e80955d58a755bc8b4b98d69c141fef12","stable":false},{"version":"1.4.0","name":"Release 1.4.0","revision":"1.4.0","stable":true},{"version":"1.3.0","name":"Release 1.3.0","revision":"1.3.0","stable":true},{"version":"1.2.0","name":"Release 1.2.0","revision":"1.2.0","stable":true},{"version":"1.1.0","name":"Release 1.1.0","revision":"1.1.0","stable":true},{"version":"1.0.8","name":"Release 1.0.8","revision":"1.0.8","stable":true},{"version":"1.0.7","name":"Release 1.0.7","revision":"1.0.7","stable":true},{"version":"1.0.6","name":"Release 1.0.6","revision":"1.0.6","stable":true},{"version":"1.0.5","name":"Release 1.0.5","revision":"1.0.5","stable":true},{"version":"1.0.4","name":"Release 1.0.4","revision":"1.0.4","stable":true},{"version":"1.0.3","name":"Release 1.0.3","revision":"1.0.3","stable":true},{"version":"1.0.2","name":"Release 1.0.2","revision":"1.0.2","stable":true},{"version":"1.0.1","name":"Release 1.0.1","revision":"1.0.1","stable":true},{"version":"1.0.0","name":"Release 1.0.0","revision":"1.0.0","stable":true}]}
2023-01-12 22:28:17 Available versions = [{"version":"1.5.0","name":"Bleeding edge","revision":"20a2aa6e80955d58a755bc8b4b98d69c141fef12","stable":false},{"version":"1.4.0","name":"Release 1.4.0","revision":"1.4.0","stable":true},{"version":"1.3.0","name":"Release 1.3.0","revision":"1.3.0","stable":true},{"version":"1.2.0","name":"Release 1.2.0","revision":"1.2.0","stable":true},{"version":"1.1.0","name":"Release 1.1.0","revision":"1.1.0","stable":true},{"version":"1.0.8","name":"Release 1.0.8","revision":"1.0.8","stable":true},{"version":"1.0.7","name":"Release 1.0.7","revision":"1.0.7","stable":true},{"version":"1.0.6","name":"Release 1.0.6","revision":"1.0.6","stable":true},{"version":"1.0.5","name":"Release 1.0.5","revision":"1.0.5","stable":true},{"version":"1.0.4","name":"Release 1.0.4","revision":"1.0.4","stable":true},{"version":"1.0.3","name":"Release 1.0.3","revision":"1.0.3","stable":true},{"version":"1.0.2","name":"Release 1.0.2","revision":"1.0.2","stable":true},{"version":"1.0.1","name":"Release 1.0.1","revision":"1.0.1","stable":true},{"version":"1.0.0","name":"Release 1.0.0","revision":"1.0.0","stable":true}]
2023-01-12 22:28:17 Latest version = {
                        "version": "1.4.0",
                        "name": "Release 1.4.0",
                        "revision": "1.4.0",
                        "stable": true
                    }
2023-01-12 22:28:17 Starting Compare process with id f614a6f252117066750449926487562b
2023-01-12 22:28:18 Step CHECK_INCOMPATIBLE_MODULES
2023-01-12 22:28:18 Step CHECK_INCOMPATIBLE_MODULES finished with state {"progress":1,"state":"DONE"}
2023-01-12 22:28:18 Step DOWNLOAD_FILE_LIST
2023-01-12 22:28:18 API request: {"revision":"1.4.0","action":"list-revision","php":"7.4.29"}
2023-01-12 22:28:34 API response: {"success":true,"data":"Array with 9780 items"}
2023-01-12 22:28:35 Step DOWNLOAD_FILE_LIST finished with state {"progress":1,"state":"DONE"}
2023-01-12 22:28:35 Step DOWNLOAD_FILE_LIST
2023-01-12 22:28:35 Step DOWNLOAD_FILE_LIST finished with state {"progress":1,"state":"DONE"}
2023-01-12 22:28:35 Step RESOLVE_TOP_DIRS
2023-01-12 22:28:35 Step RESOLVE_TOP_DIRS finished with state {"progress":1,"state":"DONE"}
2023-01-12 22:28:35 Step SEARCH_INSTALLATION
2023-01-12 22:28:35 Indexing files in directory '.'
2023-01-12 22:28:35 Found 14 files
2023-01-12 22:28:35 Step SEARCH_INSTALLATION finished with state {"progress":0.02381,"state":"IN_PROGRESS"}
2023-01-12 22:28:35 Step SEARCH_INSTALLATION
2023-01-12 22:28:35 Indexing files in directory 'Adapter'
2023-01-12 22:28:35 Found 12 files
2023-01-12 22:28:35 Step SEARCH_INSTALLATION finished with state {"progress":0.04762,"state":"IN_PROGRESS"}
2023-01-12 22:28:35 Step SEARCH_INSTALLATION
2023-01-12 22:28:35 Indexing files in directory 'Core'
2023-01-12 22:28:36 Found 19 files
2023-01-12 22:28:36 Step SEARCH_INSTALLATION finished with state {"progress":0.07143,"state":"IN_PROGRESS"}
2023-01-12 22:28:36 Step SEARCH_INSTALLATION
2023-01-12 22:28:36 Indexing files in directory 'admin622ozp8ob'
2023-01-12 22:28:49 Found 1178 files
2023-01-12 22:28:49 Step SEARCH_INSTALLATION finished with state {"progress":0.09524,"state":"IN_PROGRESS"}
2023-01-12 22:28:49 Step SEARCH_INSTALLATION
2023-01-12 22:28:49 Indexing files in directory 'cache'
2023-01-12 22:28:49 Found 0 files
2023-01-12 22:28:49 Step SEARCH_INSTALLATION finished with state {"progress":0.11905,"state":"IN_PROGRESS"}
2023-01-12 22:28:49 Step SEARCH_INSTALLATION
2023-01-12 22:28:49 Indexing files in directory 'classes'
2023-01-12 22:28:52 Found 271 files
2023-01-12 22:28:52 Step SEARCH_INSTALLATION finished with state {"progress":0.14286,"state":"IN_PROGRESS"}
2023-01-12 22:28:53 Step SEARCH_INSTALLATION
2023-01-12 22:28:53 Indexing files in directory 'config'
2023-01-12 22:28:53 Found 0 files
2023-01-12 22:28:53 Step SEARCH_INSTALLATION finished with state {"progress":0.16667,"state":"IN_PROGRESS"}
2023-01-12 22:28:53 Step SEARCH_INSTALLATION
2023-01-12 22:28:53 Indexing files in directory 'controllers'
2023-01-12 22:28:53 Found 141 files
2023-01-12 22:28:53 Step SEARCH_INSTALLATION finished with state {"progress":0.19048,"state":"IN_PROGRESS"}
2023-01-12 22:28:53 Step SEARCH_INSTALLATION
2023-01-12 22:28:53 Indexing files in directory 'css'
2023-01-12 22:28:53 Found 3 files
2023-01-12 22:28:53 Step SEARCH_INSTALLATION finished with state {"progress":0.21429,"state":"IN_PROGRESS"}
2023-01-12 22:28:54 Step SEARCH_INSTALLATION
2023-01-12 22:28:54 Indexing files in directory 'docs'
2023-01-12 22:28:54 Found 24 files
2023-01-12 22:28:54 Step SEARCH_INSTALLATION finished with state {"progress":0.2381,"state":"IN_PROGRESS"}
2023-01-12 22:28:54 Step SEARCH_INSTALLATION
2023-01-12 22:28:54 Indexing files in directory 'download'
2023-01-12 22:28:54 Found 0 files
2023-01-12 22:28:54 Step SEARCH_INSTALLATION finished with state {"progress":0.2619,"state":"IN_PROGRESS"}
2023-01-12 22:28:54 Step SEARCH_INSTALLATION
2023-01-12 22:28:54 Indexing files in directory 'img'
2023-01-12 22:28:54 Found 0 files
2023-01-12 22:28:54 Step SEARCH_INSTALLATION finished with state {"progress":0.28571,"state":"IN_PROGRESS"}
2023-01-12 22:28:54 Step SEARCH_INSTALLATION
2023-01-12 22:28:54 Indexing files in directory 'js'
2023-01-12 22:29:11 Found 1063 files
2023-01-12 22:29:11 Step SEARCH_INSTALLATION finished with state {"progress":0.30952,"state":"IN_PROGRESS"}
2023-01-12 22:29:11 Step SEARCH_INSTALLATION
2023-01-12 22:29:11 Indexing files in directory 'localization'
2023-01-12 22:29:12 Found 84 files
2023-01-12 22:29:12 Step SEARCH_INSTALLATION finished with state {"progress":0.33333,"state":"IN_PROGRESS"}
2023-01-12 22:29:12 Step SEARCH_INSTALLATION
2023-01-12 22:29:12 Indexing files in directory 'log'
2023-01-12 22:29:12 Found 7 files
2023-01-12 22:29:12 Step SEARCH_INSTALLATION finished with state {"progress":0.35714,"state":"IN_PROGRESS"}
2023-01-12 22:29:12 Step SEARCH_INSTALLATION
2023-01-12 22:29:12 Indexing files in directory 'mails'
2023-01-12 22:29:12 Found 0 files
2023-01-12 22:29:12 Step SEARCH_INSTALLATION finished with state {"progress":0.38095,"state":"IN_PROGRESS"}
2023-01-12 22:29:12 Step SEARCH_INSTALLATION
2023-01-12 22:29:12 Indexing files in directory 'override'
2023-01-12 22:29:12 Found 0 files
2023-01-12 22:29:12 Step SEARCH_INSTALLATION finished with state {"progress":0.40476,"state":"IN_PROGRESS"}
2023-01-12 22:29:12 Step SEARCH_INSTALLATION
2023-01-12 22:29:12 Indexing files in directory 'pdf'
2023-01-12 22:29:12 Found 39 files
2023-01-12 22:29:12 Step SEARCH_INSTALLATION finished with state {"progress":0.42857,"state":"IN_PROGRESS"}
2023-01-12 22:29:12 Step SEARCH_INSTALLATION
2023-01-12 22:29:12 Indexing files in directory 'themes'
2023-01-12 22:29:22 Found 1498 files
2023-01-12 22:29:22 Step SEARCH_INSTALLATION finished with state {"progress":0.45238,"state":"IN_PROGRESS"}
2023-01-12 22:29:22 Step SEARCH_INSTALLATION
2023-01-12 22:29:22 Indexing files in directory 'tools'
2023-01-12 22:29:23 Found 536 files
2023-01-12 22:29:23 Step SEARCH_INSTALLATION finished with state {"progress":0.47619,"state":"IN_PROGRESS"}
2023-01-12 22:29:23 Step SEARCH_INSTALLATION
2023-01-12 22:29:23 Indexing files in directory 'translations'
2023-01-12 22:29:23 Found 0 files
2023-01-12 22:29:23 Step SEARCH_INSTALLATION finished with state {"progress":0.5,"state":"IN_PROGRESS"}
2023-01-12 22:29:23 Step SEARCH_INSTALLATION
2023-01-12 22:29:23 Indexing files in directory 'upload'
2023-01-12 22:29:23 Found 0 files
2023-01-12 22:29:23 Step SEARCH_INSTALLATION finished with state {"progress":0.52381,"state":"IN_PROGRESS"}
2023-01-12 22:29:23 Step SEARCH_INSTALLATION
2023-01-12 22:29:23 Indexing files in directory 'webservice'
2023-01-12 22:29:23 Found 2 files
2023-01-12 22:29:23 Step SEARCH_INSTALLATION finished with state {"progress":0.54762,"state":"IN_PROGRESS"}
2023-01-12 22:29:23 Step SEARCH_INSTALLATION
2023-01-12 22:29:23 Indexing files in directory 'vendor/bin'
2023-01-12 22:29:23 Found 1 files
2023-01-12 22:29:23 Step SEARCH_INSTALLATION finished with state {"progress":0.57143,"state":"IN_PROGRESS"}
2023-01-12 22:29:23 Step SEARCH_INSTALLATION
2023-01-12 22:29:23 Indexing files in directory 'vendor/composer'
2023-01-12 22:29:23 Found 13 files
2023-01-12 22:29:23 Step SEARCH_INSTALLATION finished with state {"progress":0.59524,"state":"IN_PROGRESS"}
2023-01-12 22:29:23 Step SEARCH_INSTALLATION
2023-01-12 22:29:23 Indexing files in directory 'vendor/defuse'
2023-01-12 22:29:24 Found 23 files
2023-01-12 22:29:24 Step SEARCH_INSTALLATION finished with state {"progress":0.61905,"state":"IN_PROGRESS"}
2023-01-12 22:29:24 Step SEARCH_INSTALLATION
2023-01-12 22:29:24 Indexing files in directory 'vendor/ezyang'
2023-01-12 22:29:28 Found 379 files
2023-01-12 22:29:28 Step SEARCH_INSTALLATION finished with state {"progress":0.64286,"state":"IN_PROGRESS"}
2023-01-12 22:29:28 Step SEARCH_INSTALLATION
2023-01-12 22:29:28 Indexing files in directory 'vendor/greenlion'
2023-01-12 22:29:33 Found 195 files
2023-01-12 22:29:33 Step SEARCH_INSTALLATION finished with state {"progress":0.66667,"state":"IN_PROGRESS"}
2023-01-12 22:29:34 Step SEARCH_INSTALLATION
2023-01-12 22:29:34 Indexing files in directory 'vendor/guzzlehttp'
2023-01-12 22:29:35 Found 100 files
2023-01-12 22:29:35 Step SEARCH_INSTALLATION finished with state {"progress":0.69048,"state":"IN_PROGRESS"}
2023-01-12 22:29:35 Step SEARCH_INSTALLATION
2023-01-12 22:29:35 Indexing files in directory 'vendor/jakeasmith'
2023-01-12 22:29:35 Found 5 files
2023-01-12 22:29:35 Step SEARCH_INSTALLATION finished with state {"progress":0.71429,"state":"IN_PROGRESS"}
2023-01-12 22:29:35 Step SEARCH_INSTALLATION
2023-01-12 22:29:35 Indexing files in directory 'vendor/jaybizzle'
2023-01-12 22:29:35 Found 18 files
2023-01-12 22:29:35 Step SEARCH_INSTALLATION finished with state {"progress":0.7381,"state":"IN_PROGRESS"}
2023-01-12 22:29:35 Step SEARCH_INSTALLATION
2023-01-12 22:29:35 Indexing files in directory 'vendor/mobiledetect'
2023-01-12 22:29:35 Found 9 files
2023-01-12 22:29:35 Step SEARCH_INSTALLATION finished with state {"progress":0.7619,"state":"IN_PROGRESS"}
2023-01-12 22:29:35 Step SEARCH_INSTALLATION
2023-01-12 22:29:35 Indexing files in directory 'vendor/mrclay'
2023-01-12 22:29:37 Found 66 files
2023-01-12 22:29:37 Step SEARCH_INSTALLATION finished with state {"progress":0.78571,"state":"IN_PROGRESS"}
2023-01-12 22:29:37 Step SEARCH_INSTALLATION
2023-01-12 22:29:37 Indexing files in directory 'vendor/paragonie'
2023-01-12 22:29:37 Found 9 files
2023-01-12 22:29:37 Step SEARCH_INSTALLATION finished with state {"progress":0.80952,"state":"IN_PROGRESS"}
2023-01-12 22:29:37 Step SEARCH_INSTALLATION
2023-01-12 22:29:37 Indexing files in directory 'vendor/pclzip'
2023-01-12 22:29:37 Found 4 files
2023-01-12 22:29:37 Step SEARCH_INSTALLATION finished with state {"progress":0.83333,"state":"IN_PROGRESS"}
2023-01-12 22:29:38 Step SEARCH_INSTALLATION
2023-01-12 22:29:38 Indexing files in directory 'vendor/pear'
2023-01-12 22:29:38 Found 24 files
2023-01-12 22:29:38 Step SEARCH_INSTALLATION finished with state {"progress":0.85714,"state":"IN_PROGRESS"}
2023-01-12 22:29:38 Step SEARCH_INSTALLATION
2023-01-12 22:29:38 Indexing files in directory 'vendor/psr'
2023-01-12 22:29:39 Found 41 files
2023-01-12 22:29:39 Step SEARCH_INSTALLATION finished with state {"progress":0.88095,"state":"IN_PROGRESS"}
2023-01-12 22:29:39 Step SEARCH_INSTALLATION
2023-01-12 22:29:39 Indexing files in directory 'vendor/ralouphie'
2023-01-12 22:29:39 Found 4 files
2023-01-12 22:29:39 Step SEARCH_INSTALLATION finished with state {"progress":0.90476,"state":"IN_PROGRESS"}
2023-01-12 22:29:39 Step SEARCH_INSTALLATION
2023-01-12 22:29:39 Indexing files in directory 'vendor/smarty'
2023-01-12 22:29:42 Found 211 files
2023-01-12 22:29:42 Step SEARCH_INSTALLATION finished with state {"progress":0.92857,"state":"IN_PROGRESS"}
2023-01-12 22:29:42 Step SEARCH_INSTALLATION
2023-01-12 22:29:42 Indexing files in directory 'vendor/swiftmailer'
2023-01-12 22:29:45 Found 195 files
2023-01-12 22:29:45 Step SEARCH_INSTALLATION finished with state {"progress":0.95238,"state":"IN_PROGRESS"}
2023-01-12 22:29:45 Step SEARCH_INSTALLATION
2023-01-12 22:29:45 Indexing files in directory 'vendor/symfony'
2023-01-12 22:29:45 Found 13 files
2023-01-12 22:29:45 Step SEARCH_INSTALLATION finished with state {"progress":0.97619,"state":"IN_PROGRESS"}
2023-01-12 22:29:45 Step SEARCH_INSTALLATION
2023-01-12 22:29:45 Indexing files in directory 'vendor/tecnickcom'
2023-01-12 22:30:02 Found 212 files
2023-01-12 22:30:02 Step SEARCH_INSTALLATION finished with state {"progress":1,"state":"DONE"}
2023-01-12 22:30:02 Step INCLUDE_DIST_FILESET
2023-01-12 22:30:07 Step INCLUDE_DIST_FILESET finished with state {"progress":1,"state":"DONE"}
2023-01-12 22:30:07 Step CALCULATE_CHANGES
2023-01-12 22:30:07 Step CALCULATE_CHANGES finished with state {"progress":1,"state":"DONE"}
