2023-01-11 12:58:42 Checking if module version 1.6.1 is supported
2023-01-11 12:58:42 API request: {"version":"1.6.1","action":"check-module-version","php":"7.4.29"}
2023-01-11 12:58:42 ERROR: Failed to check module version: GuzzleHttp\Exception\ConnectException: cURL error 6: Could not resolve host: api.thirtybees.com (see https://curl.haxx.se/libcurl/c/libcurl-errors.html) for https://api.thirtybees.com/coreupdater/v2.php in D:\xampp\htdocs\shopw\vendor\guzzlehttp\guzzle\src\Handler\CurlFactory.php:210
                    Stack trace:
                    #0 D:\xampp\htdocs\shopw\vendor\guzzlehttp\guzzle\src\Handler\CurlFactory.php(158): GuzzleHttp\Handler\CurlFactory::createRejection(Object(GuzzleHttp\Handler\EasyHandle), Array)
                    #1 D:\xampp\htdocs\shopw\vendor\guzzlehttp\guzzle\src\Handler\CurlFactory.php(110): GuzzleHttp\Handler\CurlFactory::finishError(Object(GuzzleHttp\Handler\CurlHandler), Object(GuzzleHttp\Handler\EasyHandle), Object(GuzzleHttp\Handler\CurlFactory))
                    #2 D:\xampp\htdocs\shopw\vendor\guzzlehttp\guzzle\src\Handler\CurlHandler.php(47): GuzzleHttp\Handler\CurlFactory::finish(Object(GuzzleHttp\Handler\CurlHandler), Object(GuzzleHttp\Handler\EasyHandle), Object(GuzzleHttp\Handler\CurlFactory))
                    #3 D:\xampp\htdocs\shopw\vendor\guzzlehttp\guzzle\src\Handler\Proxy.php(28): GuzzleHttp\Handler\CurlHandler->__invoke(Object(GuzzleHttp\Psr7\Request), Array)
                    #4 D:\xampp\htdocs\shopw\vendor\guzzlehttp\guzzle\src\Handler\Proxy.php(48): GuzzleHttp\Handler\Proxy::GuzzleHttp\Handler\{closure}(Object(GuzzleHttp\Psr7\Request), Array)
                    #5 D:\xampp\htdocs\shopw\vendor\guzzlehttp\guzzle\src\PrepareBodyMiddleware.php(64): GuzzleHttp\Handler\Proxy::GuzzleHttp\Handler\{closure}(Object(GuzzleHttp\Psr7\Request), Array)
                    #6 D:\xampp\htdocs\shopw\vendor\guzzlehttp\guzzle\src\Middleware.php(31): GuzzleHttp\PrepareBodyMiddleware->__invoke(Object(GuzzleHttp\Psr7\Request), Array)
                    #7 D:\xampp\htdocs\shopw\vendor\guzzlehttp\guzzle\src\RedirectMiddleware.php(71): GuzzleHttp\Middleware::GuzzleHttp\{closure}(Object(GuzzleHttp\Psr7\Request), Array)
                    #8 D:\xampp\htdocs\shopw\vendor\guzzlehttp\guzzle\src\Middleware.php(61): GuzzleHttp\RedirectMiddleware->__invoke(Object(GuzzleHttp\Psr7\Request), Array)
                    #9 D:\xampp\htdocs\shopw\vendor\guzzlehttp\guzzle\src\HandlerStack.php(75): GuzzleHttp\Middleware::GuzzleHttp\{closure}(Object(GuzzleHttp\Psr7\Request), Array)
                    #10 D:\xampp\htdocs\shopw\vendor\guzzlehttp\guzzle\src\Client.php(331): GuzzleHttp\HandlerStack->__invoke(Object(GuzzleHttp\Psr7\Request), Array)
                    #11 D:\xampp\htdocs\shopw\vendor\guzzlehttp\guzzle\src\Client.php(168): GuzzleHttp\Client->transfer(Object(GuzzleHttp\Psr7\Request), Array)
                    #12 D:\xampp\htdocs\shopw\vendor\guzzlehttp\guzzle\src\Client.php(187): GuzzleHttp\Client->requestAsync('POST', Object(GuzzleHttp\Psr7\Uri), Array)
                    #13 D:\xampp\htdocs\shopw\vendor\guzzlehttp\guzzle\src\ClientTrait.php(95): GuzzleHttp\Client->request('POST', '/coreupdater/v2...', Array)
                    #14 D:\xampp\htdocs\shopw\modules\coreupdater\classes\api\ThirtybeesApiGuzzle.php(331): GuzzleHttp\Client->post('/coreupdater/v2...', Array)
                    #15 D:\xampp\htdocs\shopw\modules\coreupdater\classes\api\ThirtybeesApiGuzzle.php(318): CoreUpdater\Api\ThirtybeesApiGuzzle->performPost(Array)
                    #16 D:\xampp\htdocs\shopw\modules\coreupdater\classes\api\ThirtybeesApiGuzzle.php(268): CoreUpdater\Api\ThirtybeesApiGuzzle->callApi('7.4.29', 'check-module-ve...', Array)
                    #17 D:\xampp\htdocs\shopw\modules\coreupdater\controllers\admin\AdminCoreUpdaterController.php(992): CoreUpdater\Api\ThirtybeesApiGuzzle->checkModuleVersion('1.6.1')
                    #18 D:\xampp\htdocs\shopw\modules\coreupdater\controllers\admin\AdminCoreUpdaterController.php(482): AdminCoreUpdaterController->checkModuleVersion()
                    #19 [internal function]: AdminCoreUpdaterController->performInitContent()
                    #20 D:\xampp\htdocs\shopw\modules\coreupdater\classes\ErrorHandler.php(70): call_user_func_array(Array, Array)
                    #21 D:\xampp\htdocs\shopw\modules\coreupdater\controllers\admin\AdminCoreUpdaterController.php(472): CoreUpdater\ErrorHandler->handleErrors(Array)
                    #22 D:\xampp\htdocs\shopw\classes\controller\Controller.php(215): AdminCoreUpdaterController->initContent()
                    #23 D:\xampp\htdocs\shopw\classes\Dispatcher.php(861): ControllerCore->run()
                    #24 D:\xampp\htdocs\shopw\admin396giafjq\index.php(58): DispatcherCore->dispatch()
                    #25 {main}
                    
                    Next CoreUpdater\Api\ThirtybeesApiException: Transport exception in D:\xampp\htdocs\shopw\modules\coreupdater\classes\api\ThirtybeesApiGuzzle.php:335
                    Stack trace:
                    #0 D:\xampp\htdocs\shopw\modules\coreupdater\classes\api\ThirtybeesApiGuzzle.php(318): CoreUpdater\Api\ThirtybeesApiGuzzle->performPost(Array)
                    #1 D:\xampp\htdocs\shopw\modules\coreupdater\classes\api\ThirtybeesApiGuzzle.php(268): CoreUpdater\Api\ThirtybeesApiGuzzle->callApi('7.4.29', 'check-module-ve...', Array)
                    #2 D:\xampp\htdocs\shopw\modules\coreupdater\controllers\admin\AdminCoreUpdaterController.php(992): CoreUpdater\Api\ThirtybeesApiGuzzle->checkModuleVersion('1.6.1')
                    #3 D:\xampp\htdocs\shopw\modules\coreupdater\controllers\admin\AdminCoreUpdaterController.php(482): AdminCoreUpdaterController->checkModuleVersion()
                    #4 [internal function]: AdminCoreUpdaterController->performInitContent()
                    #5 D:\xampp\htdocs\shopw\modules\coreupdater\classes\ErrorHandler.php(70): call_user_func_array(Array, Array)
                    #6 D:\xampp\htdocs\shopw\modules\coreupdater\controllers\admin\AdminCoreUpdaterController.php(472): CoreUpdater\ErrorHandler->handleErrors(Array)
                    #7 D:\xampp\htdocs\shopw\classes\controller\Controller.php(215): AdminCoreUpdaterController->initContent()
                    #8 D:\xampp\htdocs\shopw\classes\Dispatcher.php(861): ControllerCore->run()
                    #9 D:\xampp\htdocs\shopw\admin396giafjq\index.php(58): DispatcherCore->dispatch()
                    #10 {main}
2023-01-11 12:58:42 Resolving latest version for STABLE
2023-01-11 12:58:42 Resolving available versions
2023-01-11 12:58:42 Version list not found in cache, calling api
2023-01-11 12:58:42 API request: {"action":"versions","php":"7.4.29"}
